[1/85] 032513544  OK  Fidan Gasimova  Child Psychology / Cognitive behavioural therapy 72h
[2/85] 032513545  OK  Elvin Karimov  Child Psychology 36h
[3/85] 032513546  OK  Sabina Pashazadeh  Child Psychology / Cognitive behavioural therapy 72h
[4/85] 032513547  OK  Aysun Alyarova  Child Psychology / Cognitive behavioural therapy 72h
[5/85] 032513548  OK  Aytan Huseynova  Child Psychology / Cognitive behavioural therapy 72h
[6/85] 032513549  OK  Bahar Rzayeva  Clinical Child and Adolescent Psychology / Applied Behavior Analysis (ABA) Therapy 84h
[7/85] 032513550  OK  Samira Rustamova  Clinical Psychology and Psychotherapy / Clinical Child and Adolescent Psychology / Couples Counselling in Family Therapy 284h
[8/85] 032513552  OK  Gulchin Aliyeva  Couples Counselling in Family Therapy 36h
[9/85] 032513553  OK  Gullu Huseynova  Clinical&nbsp; Psychotherapy / Couples Counselling in Family Therapy 236h
[10/85] 032513554  OK  Lala Mammadova  Couples Counselling in Family Therapy 36h
[11/85] 032513555  OK  Lala Kahramanova  Couples Counselling in Family Therapy 36h
[12/85] 032513556  OK  Khayala Khasmammadli  Couples Counselling in Family Therapy 36h
[13/85] 032513557  OK  Sadagat Huseynova  Couples Counselling in Family Therapy 36h
[14/85] 032513558  OK  Sevinj Akkurt  Couples Counselling in Family Therapy 36h
[15/85] 032513559  OK  Sevda Kerimova  Clinical Psychotherapy 200h
[16/85] 032513560  OK  Nazakat Mirzazada  Clinical Psychotherapy 200h
[17/85] 032513561  OK  Ramila Agayeva  Clinical Psychotherapy 200h
[18/85] 032513562  OK  Zehra Zahidova  Clinical Psychotherapy 200h
[19/85] 032513563  OK  Zeynab Rzayeva  Clinical Psychotherapy 200h
[20/85] 032513564  OK  Vitaliy Vaytenko  Clinical Psychotherapy 200h
[21/85] 032513565  OK  Zehra Farzaliyeva  Clinical Psychotherapy 200h
[22/85] 032513566  OK  Aytaj Aghadadayeva  Clinical Psychotherapy 200h
[23/85] 032513567  OK  Vusala Alizadeh  Clinical Psychotherapy 200h
[24/85] 032513568  OK  Vusala Amirova  Clinical Psychotherapy 200h
[25/85] 032513569  OK  Aytekin Imanova  Clinical Psychotherapy 200h
[26/85] 032513570  OK  Aziza Quliyeva  Clinical Psychotherapy 200h
[27/85] 032513571  OK  Gunel Akbarova  Clinical Psychotherapy 200h
[28/85] 032513572  OK  Sabina Alakperova  Clinical Psychotherapy 200h
[29/85] 032513573  OK  Khayala Badalova  Clinical Psychotherapy 200h
[30/85] 032513574  OK  Ayshan Gasimova  Clinical Psychotherapy 200h
[31/85] 032513575  OK  Gunay Huseynova  Clinical Psychotherapy 200h
[32/85] 032513576  OK  Leyla Ahmadova  Clinical Psychotherapy 200h
[33/85] 032513577  OK  Gulnar Samedova  Clinical Psychotherapy 200h
[34/85] 032513578  OK  Afsana Jafarova  Clinical Psychotherapy 200h
[35/85] 032513579  OK  Natalya Sleptsova  Clinical Psychotherapy 200h
[36/85] 032513580  OK  Aysel Mustafayeva  Clinical Psychotherapy 200h
[37/85] 032513581  OK  Alvina Huseyinova  Couples Counselling in Family Therapy 32h
[38/85] 032513582  OK  Sevich Abbaszada  Basic Psychotherapy 48h
[39/85] 032513583  OK  Elza Shukurova  Couples Counselling in Family Therapy 32h
[40/85] 032513584  OK  Kamala Aliyeva  Couples Counselling in Family Therapy 32h
[41/85] 032513585  OK  Konul Salimova  Couples Counselling in Family Therapy 32h
[42/85] 032513586  OK  Husniya Nasirova  Couples Counselling in Family Therapy 32h
[43/85] 032513587  OK  Rena Javadzade  Couples Counselling in Family Therapy 32h
[44/85] 032513588  OK  Sevil Hajiyeva  Couples Counselling in Family Therapy 32h
[45/85] 032513589  OK  Shafag Gurbanova  Couples Counselling in Family Therapy 32h
[46/85] 032513590  OK  Aynur Karimova  Couples Counselling in Family Therapy 32h
[47/85] 032513615  OK  Shola Shakili  Clinical Psychotherapy 200h
[48/85] 032523120  OK  Maria Davidova  Child Psychology 36h
[49/85] 032523121  OK  Khanim Mammadova  Child Psychology 36h
[50/85] 032523122  OK  Fatima Dadashsoy  Child Psychology 36h
[51/85] 10133501  OK  Esmira Alizadeh  Couples Counselling in Family Therapy 36h
[52/85] 13iu21e3az001  OK  Kenan Rahimov  Clinical Psychotherapy course 0h
[53/85] 13iu21e3az0011  OK  Adila Abbasova  Clinical Psychotherapy course 0h
[54/85] 13iu21e3az0012  OK  Aybeniz Zakiyeva  Clinical Psychotherapy course 0h
[55/85] 13iu21e3az0013  OK  Aynura Kerimova  Clinical Psychotherapy course 0h
[56/85] 13iu21e3az0014  OK  Aysel Mehdiyeva  Clinical Psychotherapy course 0h
[57/85] 13iu21e3az0015  OK  Ayten Shukurova  Clinical Psychotherapy course 0h
[58/85] 13iu21e3az0016  OK  Fatima Suleymanzade  Clinical Psychotherapy course 0h
[59/85] 13iu21e3az0017  OK  Kenan Farhadov  Clinical Psychotherapy course 0h
[60/85] 13iu21e3az0018  OK  Leman Ibrahimli  Clinical Psychotherapy course 0h
[61/85] 13iu21e3az0019  OK  Leyla Ahmadova  Clinical Psychotherapy course 0h
[62/85] 13iu21e3az0020  OK  Metanet Najafova  Clinical Psychotherapy course 0h
[63/85] 13iu21e3az0021  OK  Nurida Dashdemirli  Clinical Psychotherapy course 0h
[64/85] 13iu21e3az0022  OK  Pervana Kerimova  Clinical Psychotherapy course 0h
[65/85] 13iu21e3az0023  OK  Rena Mirzoyeva  Clinical Psychotherapy course 0h
[66/85] 13iu21e3az0024  OK  Regsana Huseynova  Clinical Psychotherapy course 0h
[67/85] 13iu21e3az0025  OK  Samira Gahramanova  Clinical Psychotherapy course 0h
[68/85] 13iu21e3az0026  OK  Tarana Ismayilova  Clinical Psychotherapy course 0h
[69/85] 13iu21e3az0027  OK  Vusala Alizade  Clinical Psychotherapy course 0h
[70/85] 13iu21e3az0028  OK  Vusala Abdullayeva  Clinical Psychotherapy course 0h
[71/85] 13iu21e3az0029  OK  Chaman Abdullayeva  Clinical Psychotherapy course 0h
[72/85] 13iu21e3az0030  OK  Khayala Khasmemmedli  Clinical Psychotherapy course 0h
[73/85] 13iu21e3az0031  OK  Zumrud Behbudova  Clinical Psychotherapy course 0h
[74/85] 13iu21e3az0032  OK  Ulkar Arabkhanova  Clinical Psychotherapy course 0h
[75/85] 13iu21e3az0033  OK  Parvana Mammadova  Clinical Psychotherapy course 0h
[76/85] 13iu21e3az0034  OK  Tamilla Suleymanova  Clinical Psychotherapy course 0h
[77/85] 13iu21e3az0035  OK  Ruhangiz Akberova  Basic Psychotherapy course 0h
[78/85] 13iu21e3az0036  OK  Konul Babashzade  Basic Psychotherapy course 0h
[79/85] 13iu21e3az0037  OK  Aysel Bashirova  Couples Counselling 0h
[80/85] 13iu21e3az0038  OK  Ilaha Kadirova  Couples Counselling 0h
[81/85] 13iu21e3az0039  OK  Irada Babayeva  Couples Counselling 0h
[82/85] 13iu21e3az0040  OK  Sevda Karimzade  Couples Counselling 0h
[83/85] 13iu21e3az0041  OK  Zarintaj Jabizade  Couples Counselling 0h
[84/85] 13iu21e3az0042  OK  Zulfiyya Najafova  Couples Counselling 0h
[85/85] 13iu21e3az0043  OK  Sariyya Farajova  Couples Counselling 0h